<?xml version="1.0" encoding="UTF-8"?>
<!-- Generated by org.testng.reporters.JUnitReportReporter -->
<testsuite hostname="Eric" failures="0" tests="1" name="test.com.itexps.CalculatorTest" time="0.005" errors="0" timestamp="17 Sep 2024 20:40:38 GMT">
  <testcase classname="test.com.itexps.CalculatorTest" name="testAdd" time="0.005"/>
</testsuite> <!-- test.com.itexps.CalculatorTest -->
